e:\02.mycode\allmedia\libmediakenerl\win32\libmediakenerl\release\libmediakenerl.pch
e:\02.mycode\allmedia\libmediakenerl\win32\libmediakenerl\release\vc120.pdb
e:\02.mycode\allmedia\libmediakenerl\win32\libmediakenerl\release\stdafx.obj
e:\02.mycode\allmedia\libmediakenerl\win32\libmediakenerl\release\mk_thread.obj
e:\02.mycode\allmedia\libmediakenerl\win32\libmediakenerl\release\mk_mutex.obj
e:\02.mycode\allmedia\libmediakenerl\win32\libmediakenerl\release\mk_media_worker_opt.obj
e:\02.mycode\allmedia\libmediakenerl\win32\libmediakenerl\release\mk_media_worker_filter.obj
e:\02.mycode\allmedia\libmediakenerl\win32\libmediakenerl\release\mk_media_worker.obj
e:\02.mycode\allmedia\libmediakenerl\win32\libmediakenerl\release\mk_media_cmdutils.obj
e:\02.mycode\allmedia\libmediakenerl\win32\libmediakenerl\release\libmediakenerl.obj
e:\02.mycode\allmedia\libmediakenerl\win32\libmediakenerl\release\dllmain.obj
e:\02.mycode\allmedia\libmediakenerl\win32\release\libmediakenerl.lib
e:\02.mycode\allmedia\libmediakenerl\win32\release\libmediakenerl.exp
e:\02.mycode\allmedia\libmediakenerl\win32\release\libmediakenerl.dll
e:\02.mycode\allmedia\libmediakenerl\win32\release\libmediakenerl.pdb
e:\02.mycode\allmedia\libmediakenerl\win32\libmediakenerl\release\libmediakenerl.tlog\cl.command.1.tlog
e:\02.mycode\allmedia\libmediakenerl\win32\libmediakenerl\release\libmediakenerl.tlog\cl.read.1.tlog
e:\02.mycode\allmedia\libmediakenerl\win32\libmediakenerl\release\libmediakenerl.tlog\cl.write.1.tlog
e:\02.mycode\allmedia\libmediakenerl\win32\libmediakenerl\release\libmediakenerl.tlog\libmediakenerl.write.1u.tlog
e:\02.mycode\allmedia\libmediakenerl\win32\libmediakenerl\release\libmediakenerl.tlog\link.command.1.tlog
e:\02.mycode\allmedia\libmediakenerl\win32\libmediakenerl\release\libmediakenerl.tlog\link.read.1.tlog
e:\02.mycode\allmedia\libmediakenerl\win32\libmediakenerl\release\libmediakenerl.tlog\link.write.1.tlog
